<?xml version="1.0" encoding="UTF-8"?>
<!-- Generated by org.testng.reporters.JUnitReportReporter -->
<testsuite hostname="DESKTOP-CK977I0" failures="0" tests="1" name="playwright.First" time="15.364" errors="0" timestamp="2024-09-21T14:52:08 IST" skipped="0">
  <testcase classname="playwright.First" name="start" time="15.364"/>
  <system-out/>
</testsuite> <!-- playwright.First -->
