<?xml version="1.0" encoding="UTF-8"?>
<!-- Generated by org.testng.reporters.JUnitReportReporter -->
<testsuite hostname="DESKTOP-CK977I0" failures="0" tests="2" name="Rest.Getmethod" time="18.141" errors="0" timestamp="2024-09-19T12:49:36 IST" skipped="0">
  <testcase classname="Rest.Getmethod" name="getmethod" time="7.780"/>
  <system-out/>
  <testcase classname="Rest.Getmethod" name="Bdd" time="10.361"/>
  <system-out/>
</testsuite> <!-- Rest.Getmethod -->
