<?xml version="1.0" encoding="UTF-8"?>
<!-- Generated by org.testng.reporters.JUnitReportReporter -->
<testsuite hostname="DESKTOP-CK977I0" failures="0" tests="1" name="TestCase.HomePageTest" time="3.117" errors="0" timestamp="2024-07-24T17:56:24 IST" skipped="0">
  <testcase classname="TestCase.HomePageTest" name="testSearch" time="3.117"/>
  <system-out/>
</testsuite> <!-- TestCase.HomePageTest -->
