<?xml version="1.0" encoding="UTF-8"?>
<!-- Generated by org.testng.reporters.JUnitReportReporter -->
<testsuite hostname="DESKTOP-CK977I0" failures="0" tests="2" name="selenium.Brokenlink" time="9.008" errors="0" timestamp="2024-09-18T18:49:32 IST" skipped="0">
  <testcase classname="selenium.Brokenlink" name="open" time="7.794"/>
  <system-out/>
  <testcase classname="selenium.Brokenlink" name="getlink" time="1.214"/>
  <system-out/>
</testsuite> <!-- selenium.Brokenlink -->
