<?xml version="1.0" encoding="UTF-8"?>
<!-- Generated by org.testng.reporters.JUnitReportReporter -->
<testsuite hostname="DESKTOP-CK977I0" failures="0" tests="2" name="com.method.AdditionTest" time="0.027" errors="0" timestamp="2024-07-22T15:19:20 IST" skipped="0">
  <testcase classname="com.method.AdditionTest" name="testAddTwoNumbers" time="0.002"/>
  <system-out/>
  <testcase classname="com.method.AdditionTest" name="testAddThreeNumbers" time="0.025"/>
  <system-out/>
</testsuite> <!-- com.method.AdditionTest -->
