<?xml version="1.0" encoding="UTF-8"?>
<!-- Generated by org.testng.reporters.JUnitReportReporter -->
<testsuite hostname="DESKTOP-CK977I0" failures="0" tests="2" name="Rest.Getmethod" time="4.590" errors="0" timestamp="2024-09-16T16:40:18 IST" skipped="0">
  <testcase classname="Rest.Getmethod" name="Bdd" time="3.542"/>
  <system-out/>
  <testcase classname="Rest.Getmethod" name="getmethod" time="1.048"/>
  <system-out/>
</testsuite> <!-- Rest.Getmethod -->
