<?xml version="1.0" encoding="UTF-8"?>
<!-- Generated by org.testng.reporters.JUnitReportReporter -->
<testsuite hostname="DESKTOP-CK977I0" failures="0" tests="1" name="TestCase.HomePageTest" time="16.262" errors="0" timestamp="2024-07-23T18:48:32 IST" skipped="0">
  <testcase classname="TestCase.HomePageTest" name="testSearch" time="16.262"/>
  <system-out/>
</testsuite> <!-- TestCase.HomePageTest -->
