<?xml version="1.0" encoding="UTF-8"?>
<!-- Generated by org.testng.reporters.JUnitReportReporter -->
<testsuite hostname="DESKTOP-CK977I0" failures="0" tests="1" name="TestCase.HomePageTest" time="2.332" errors="0" timestamp="2024-07-24T16:52:25 IST" skipped="0">
  <testcase classname="TestCase.HomePageTest" name="testSearch" time="2.332"/>
  <system-out/>
</testsuite> <!-- TestCase.HomePageTest -->
