<?xml version="1.0" encoding="UTF-8"?>
<!-- Generated by org.testng.reporters.JUnitReportReporter -->
<testsuite hostname="DESKTOP-CK977I0" failures="0" tests="2" name="Rest.Getmethod" time="3.553" errors="0" timestamp="2024-08-19T14:44:46 IST" skipped="0">
  <testcase classname="Rest.Getmethod" name="Bdd" time="3.050"/>
  <system-out/>
  <testcase classname="Rest.Getmethod" name="getmethod" time="0.503"/>
  <system-out/>
</testsuite> <!-- Rest.Getmethod -->
