<?xml version="1.0" encoding="UTF-8"?>
<!-- Generated by org.testng.reporters.JUnitReportReporter -->
<testsuite hostname="DESKTOP-CK977I0" failures="0" tests="1" name="xpath.XpathDemo" time="3.847" errors="0" timestamp="2024-08-21T13:25:47 IST" skipped="0">
  <testcase classname="xpath.XpathDemo" name="xpathFind" time="3.847"/>
  <system-out/>
</testsuite> <!-- xpath.XpathDemo -->
