<?xml version="1.0" encoding="UTF-8"?>
<!-- Generated by org.testng.reporters.JUnitReportReporter -->
<testsuite hostname="DESKTOP-CK977I0" failures="0" tests="1" name="TestCase.HomePageTest" time="1.911" errors="0" timestamp="2024-07-23T15:32:16 IST" skipped="0">
  <testcase classname="TestCase.HomePageTest" name="testSearch" time="1.911"/>
  <system-out/>
</testsuite> <!-- TestCase.HomePageTest -->
