<?xml version="1.0" encoding="UTF-8"?>
<!-- Generated by org.testng.reporters.JUnitReportReporter -->
<testsuite hostname="DESKTOP-CK977I0" failures="0" tests="1" name="Rest.First" time="4.019" errors="0" timestamp="2024-08-26T12:28:21 IST" skipped="0">
  <testcase classname="Rest.First" name="validate" time="4.019"/>
  <system-out/>
</testsuite> <!-- Rest.First -->
