<?xml version="1.0" encoding="UTF-8"?>
<!-- Generated by org.testng.reporters.JUnitReportReporter -->
<testsuite hostname="DESKTOP-CK977I0" failures="0" tests="1" name="Rest.First" time="3.873" errors="0" timestamp="2024-09-09T18:29:31 IST" skipped="0">
  <testcase classname="Rest.First" name="validate" time="3.873"/>
  <system-out/>
</testsuite> <!-- Rest.First -->
