<?xml version="1.0" encoding="UTF-8"?>
<!-- Generated by org.testng.reporters.JUnitReportReporter -->
<testsuite hostname="DESKTOP-CK977I0" failures="0" tests="2" name="com.method.AdditionTest" time="0.006" errors="0" timestamp="2024-07-23T15:32:16 IST" skipped="0">
  <testcase classname="com.method.AdditionTest" name="testAddThreeNumbers" time="0.003"/>
  <system-out/>
  <testcase classname="com.method.AdditionTest" name="testAddTwoNumbers" time="0.003"/>
  <system-out/>
</testsuite> <!-- com.method.AdditionTest -->
