<?xml version="1.0" encoding="UTF-8"?>
<!-- Generated by org.testng.reporters.JUnitReportReporter -->
<testsuite hostname="DESKTOP-CK977I0" failures="0" tests="1" name="selenium.FlipkartTestCase" time="14.365" errors="0" timestamp="2024-09-06T15:46:02 IST" skipped="0">
  <testcase classname="selenium.FlipkartTestCase" name="openweb" time="14.365"/>
  <system-out/>
</testsuite> <!-- selenium.FlipkartTestCase -->
